<?xml version="1.0" encoding="UTF-8"?>
<testsuite xmlns:xsi="http://www.w3.org/2001/XMLSchema-instance" xsi:noNamespaceSchemaLocation="https://maven.apache.org/surefire/maven-surefire-plugin/xsd/surefire-test-report.xsd" name="com.example.points.service.RiskControlServiceTest" time="0.125" tests="18" errors="0" skipped="0" failures="0">
  <properties>
[...]
</properties>
  <testcase name="testEvaluatePostIssuance_BlacklistHit_TriggersFreeze" classname="com.example.points.service.RiskControlServiceTest" time="0.057"/>
  <testcase name="testEvaluatePostIssuance_TripsExistingBreaker" classname="com.example.points.service.RiskControlServiceTest" time="0.002"/>
  <testcase name="testEvaluateInTransaction_ReturnsBreaches" classname="com.example.points.service.RiskControlServiceTest" time="0.002"/>
  <testcase name="testEvaluateBudgetExhaustion_Breached" classname="com.example.points.service.RiskControlServiceTest" time="0.01"/>
  <testcase name="testEvaluateBlacklistHit_Breached" classname="com.example.points.service.RiskControlServiceTest" time="0.004"/>
  <testcase name="testEvaluateHighFrequency_Breached" classname="com.example.points.service.RiskControlServiceTest" time="0.022"/>
  <testcase name="testIsCircuitBreakerAllowing_Closed_ReturnsTrue" classname="com.example.points.service.RiskControlServiceTest" time="0.002"/>
  <testcase name="testEvaluatePostIssuance_NullPoolId_Skips" classname="com.example.points.service.RiskControlServiceTest" time="0.001"/>
  <testcase name="testIsCircuitBreakerAllowing_Open_ReturnsFalse" classname="com.example.points.service.RiskControlServiceTest" time="0.001"/>
  <testcase name="testIsCircuitBreakerAllowing_NullPoolId_ReturnsTrue" classname="com.example.points.service.RiskControlServiceTest" time="0.001"/>
  <testcase name="testIsCircuitBreakerAllowing_HalfOpen_UnderLimit_ReturnsTrue" classname="com.example.points.service.RiskControlServiceTest" time="0.001"/>
  <testcase name="testEvaluatePostIssuance_NoBreaches" classname="com.example.points.service.RiskControlServiceTest" time="0.002"/>
  <testcase name="testCreateRiskEvent_DuplicateSuppressed" classname="com.example.points.service.RiskControlServiceTest" time="0.003"/>
  <testcase name="testIsCircuitBreakerAllowing_NoBreaker_ReturnsTrue" classname="com.example.points.service.RiskControlServiceTest" time="0.001"/>
  <testcase name="testIsCircuitBreakerAllowing_HalfOpen_AtLimit_ReturnsFalse" classname="com.example.points.service.RiskControlServiceTest" time="0.001"/>
  <testcase name="testEvaluateInTransaction_NullPoolId_ReturnsEmpty" classname="com.example.points.service.RiskControlServiceTest" time="0.003"/>
  <testcase name="testEvaluatePostIssuance_NoConfigs_NoAction" classname="com.example.points.service.RiskControlServiceTest" time="0.002"/>
  <testcase name="testEvaluateAbnormalRefund_Breached" classname="com.example.points.service.RiskControlServiceTest" time="0.004"/>
</testsuite>